<?xml version="1.0" encoding="UTF-8"?>
<!-- Generated by org.testng.reporters.JUnitReportReporter -->
<testsuite skipped="0" hostname="DESKTOP-URUOEJB" name="MyRunner.TestRunner" tests="1" failures="0" timestamp="27 May 2021 04:56:03 GMT" time="149.675" errors="0">
  <testcase name="feature" time="149.675" classname="MyRunner.TestRunner"/>
</testsuite> <!-- MyRunner.TestRunner -->
